<?xml version="1.0" encoding="UTF-8"?>
<!-- Generated by org.testng.reporters.JUnitXMLReporter -->
<testsuite hostname="zzevss-HP-EliteBook-8560p" name="Surefire test" tests="28" failures="0" timestamp="25 May 2016 12:57:54 GMT" time="943.443" errors="0">
  <testcase name="CMChangeClusterHotel_1" time="10.292" classname="FornovaTestSuite.TestSuite"/>
  <testcase name="CMduplicateDelete_2" time="20.152" classname="FornovaTestSuite.TestSuite"/>
  <testcase name="CMeditCampaign_3" time="27.434" classname="FornovaTestSuite.TestSuite"/>
  <testcase name="CMgroupBy_4" time="17.482" classname="FornovaTestSuite.TestSuite"/>
  <testcase name="CMmasterDetailOnOff_5" time="10.269" classname="FornovaTestSuite.TestSuite"/>
  <testcase name="CMsearchInputClear_6" time="8.292" classname="FornovaTestSuite.TestSuite"/>
  <testcase name="CMtypeSymb_7" time="15.367" classname="FornovaTestSuite.TestSuite"/>
  <testcase name="ChainManagementComboboxTest_8" time="26.251" classname="FornovaTestSuite.TestSuite"/>
  <testcase name="ChainManagementEditChangeLogo_9" time="54.789" classname="FornovaTestSuite.TestSuite"/>
  <testcase name="ChainManagementNewChain_10" time="27.684" classname="FornovaTestSuite.TestSuite"/>
  <testcase name="ChainManagementResetCancel_11" time="30.843" classname="FornovaTestSuite.TestSuite"/>
  <testcase name="ChainManagementSearchField_12" time="35.388" classname="FornovaTestSuite.TestSuite"/>
  <testcase name="HMeditHotel_13" time="43.969" classname="FornovaTestSuite.TestSuite"/>
  <testcase name="HMnewCluster_14" time="40.264" classname="FornovaTestSuite.TestSuite"/>
  <testcase name="HMnewHotel_15" time="56.903" classname="FornovaTestSuite.TestSuite"/>
  <testcase name="HMsearchFormTest_16" time="54.92" classname="FornovaTestSuite.TestSuite"/>
  <testcase name="UMaddNewUser_21" time="65.514" classname="FornovaTestSuite.TestSuite"/>
  <testcase name="UMchangePasswordWrong_22" time="72.256" classname="FornovaTestSuite.TestSuite"/>
  <testcase name="UMchangeUserPassword_23" time="87.053" classname="FornovaTestSuite.TestSuite"/>
  <testcase name="UMeditProfile_24" time="91.665" classname="FornovaTestSuite.TestSuite"/>
  <testcase name="UMinviteSearch_25" time="38.79" classname="FornovaTestSuite.TestSuite"/>
  <testcase name="UMresendInvitation_26" time="34.813" classname="FornovaTestSuite.TestSuite"/>
  <testcase name="UMresetCancel_27" time="21.773" classname="FornovaTestSuite.TestSuite"/>
  <testcase name="UMsearchTest_28" time="13.74" classname="FornovaTestSuite.TestSuite"/>
  <testcase name="loginFogot_17" time="5.2" classname="FornovaTestSuite.TestSuite"/>
  <testcase name="loginNegativeWrongLogin_18" time="9.547" classname="FornovaTestSuite.TestSuite"/>
  <testcase name="loginNegativeWrongPass_19" time="9.65" classname="FornovaTestSuite.TestSuite"/>
  <testcase name="loginPositive_20" time="13.12" classname="FornovaTestSuite.TestSuite"/>
</testsuite> <!-- Surefire test -->
