<?xml version="1.0" encoding="UTF-8"?>
<testsuite name="FornovaTestSuite.TestSuite" time="943.419" tests="28" errors="0" skipped="0" failures="0">
  <properties>
[...]
</properties>
  <testcase name="CMChangeClusterHotel_1" classname="FornovaTestSuite.TestSuite" time="10.292"/>
  <testcase name="CMduplicateDelete_2" classname="FornovaTestSuite.TestSuite" time="20.153"/>
  <testcase name="CMeditCampaign_3" classname="FornovaTestSuite.TestSuite" time="27.435"/>
  <testcase name="CMgroupBy_4" classname="FornovaTestSuite.TestSuite" time="17.482"/>
  <testcase name="CMmasterDetailOnOff_5" classname="FornovaTestSuite.TestSuite" time="10.269"/>
  <testcase name="CMsearchInputClear_6" classname="FornovaTestSuite.TestSuite" time="8.291"/>
  <testcase name="CMtypeSymb_7" classname="FornovaTestSuite.TestSuite" time="15.368"/>
  <testcase name="ChainManagementComboboxTest_8" classname="FornovaTestSuite.TestSuite" time="26.252"/>
  <testcase name="ChainManagementEditChangeLogo_9" classname="FornovaTestSuite.TestSuite" time="54.788"/>
  <testcase name="ChainManagementNewChain_10" classname="FornovaTestSuite.TestSuite" time="27.684"/>
  <testcase name="ChainManagementResetCancel_11" classname="FornovaTestSuite.TestSuite" time="30.843"/>
  <testcase name="ChainManagementSearchField_12" classname="FornovaTestSuite.TestSuite" time="35.386"/>
  <testcase name="HMeditHotel_13" classname="FornovaTestSuite.TestSuite" time="43.969"/>
  <testcase name="HMnewCluster_14" classname="FornovaTestSuite.TestSuite" time="40.264"/>
  <testcase name="HMnewHotel_15" classname="FornovaTestSuite.TestSuite" time="56.903"/>
  <testcase name="HMsearchFormTest_16" classname="FornovaTestSuite.TestSuite" time="54.919"/>
  <testcase name="UMaddNewUser_21" classname="FornovaTestSuite.TestSuite" time="65.513"/>
  <testcase name="UMchangePasswordWrong_22" classname="FornovaTestSuite.TestSuite" time="72.258"/>
  <testcase name="UMchangeUserPassword_23" classname="FornovaTestSuite.TestSuite" time="87.051"/>
  <testcase name="UMeditProfile_24" classname="FornovaTestSuite.TestSuite" time="91.665"/>
  <testcase name="UMinviteSearch_25" classname="FornovaTestSuite.TestSuite" time="38.789"/>
  <testcase name="UMresendInvitation_26" classname="FornovaTestSuite.TestSuite" time="34.813"/>
  <testcase name="UMresetCancel_27" classname="FornovaTestSuite.TestSuite" time="21.774"/>
  <testcase name="UMsearchTest_28" classname="FornovaTestSuite.TestSuite" time="13.738"/>
  <testcase name="loginFogot_17" classname="FornovaTestSuite.TestSuite" time="5.199"/>
  <testcase name="loginNegativeWrongLogin_18" classname="FornovaTestSuite.TestSuite" time="9.547"/>
  <testcase name="loginNegativeWrongPass_19" classname="FornovaTestSuite.TestSuite" time="9.65"/>
  <testcase name="loginPositive_20" classname="FornovaTestSuite.TestSuite" time="13.124"/>
</testsuite>